# JRE version: Java(TM) SE Runtime Environment (8.0_65-b17) (build 1.8.0_65-b17)
# Java VM: Java HotSpot(TM) 64-Bit Server VM (25.65-b01 mixed mode windows-amd64 compressed oops)
Heap:
 PSYoungGen      total 323584K, used 87241K [0x00000000eab00000, 0x0000000100000000, 0x0000000100000000)
  eden space 307200K, 23% used [0x00000000eab00000,0x00000000ef038fa8,0x00000000fd700000)
  from space 16384K, 99% used [0x00000000fef00000,0x00000000ffef97b0,0x00000000fff00000)
  to   space 20992K, 0% used [0x00000000fd700000,0x00000000fd700000,0x00000000feb80000)
 ParOldGen       total 102400K, used 39015K [0x00000000c0000000, 0x00000000c6400000, 0x00000000eab00000)
  object space 102400K, 38% used [0x00000000c0000000,0x00000000c2619e40,0x00000000c6400000)
 Metaspace       used 57891K, capacity 61366K, committed 66176K, reserved 1105920K
  class space    used 7530K, capacity 8781K, committed 10112K, reserved 1048576K
GC Heap History (10 events):
Event: 3722.473 GC heap before
{Heap before GC invocations=28 (full 7):
 PSYoungGen      total 331264K, used 4898K [0x00000000eab00000, 0x00000000ffe80000, 0x0000000100000000)
  eden space 313856K, 0% used [0x00000000eab00000,0x00000000eab00000,0x00000000fdd80000)
  from space 17408K, 28% used [0x00000000fdd80000,0x00000000fe2488d0,0x00000000fee80000)
  to   space 16384K, 0% used [0x00000000fee80000,0x00000000fee80000,0x00000000ffe80000)
 ParOldGen       total 102400K, used 57779K [0x00000000c0000000, 0x00000000c6400000, 0x00000000eab00000)
  object space 102400K, 56% used [0x00000000c0000000,0x00000000c386cd38,0x00000000c6400000)
 Metaspace       used 58611K, capacity 63658K, committed 63744K, reserved 1103872K
  class space    used 7968K, capacity 9662K, committed 9728K, reserved 1048576K
Event: 3724.544 GC heap after
Heap after GC invocations=28 (full 7):
 PSYoungGen      total 331264K, used 0K [0x00000000eab00000, 0x00000000ffe80000, 0x0000000100000000)
  eden space 313856K, 0% used [0x00000000eab00000,0x00000000eab00000,0x00000000fdd80000)
  from space 17408K, 0% used [0x00000000fdd80000,0x00000000fdd80000,0x00000000fee80000)
  to   space 16384K, 0% used [0x00000000fee80000,0x00000000fee80000,0x00000000ffe80000)
 ParOldGen       total 102400K, used 53197K [0x00000000c0000000, 0x00000000c6400000, 0x00000000eab00000)
  object space 102400K, 51% used [0x00000000c0000000,0x00000000c33f3520,0x00000000c6400000)
 Metaspace       used 58153K, capacity 62668K, committed 63744K, reserved 1103872K
  class space    used 7880K, capacity 9377K, committed 9728K, reserved 1048576K
}
Event: 3768.351 GC heap before
{Heap before GC invocations=29 (full 7):
 PSYoungGen      total 331264K, used 312717K [0x00000000eab00000, 0x00000000ffe80000, 0x0000000100000000)
  eden space 313856K, 99% used [0x00000000eab00000,0x00000000fdc63658,0x00000000fdd80000)
  from space 17408K, 0% used [0x00000000fdd80000,0x00000000fdd80000,0x00000000fee80000)
  to   space 16384K, 0% used [0x00000000fee80000,0x00000000fee80000,0x00000000ffe80000)
 ParOldGen       total 102400K, used 53197K [0x00000000c0000000, 0x00000000c6400000, 0x00000000eab00000)
  object space 102400K, 51% used [0x00000000c0000000,0x00000000c33f3520,0x00000000c6400000)
 Metaspace       used 58729K, capacity 63718K, committed 64128K, reserved 1103872K
  class space    used 7950K, capacity 9539K, committed 9856K, reserved 1048576K
Event: 3768.399 GC heap after
Heap after GC invocations=29 (full 7):
 PSYoungGen      total 330752K, used 10400K [0x00000000eab00000, 0x0000000100000000, 0x0000000100000000)
  eden space 314368K, 0% used [0x00000000eab00000,0x00000000eab00000,0x00000000fde00000)
  from space 16384K, 63% used [0x00000000fee80000,0x00000000ff8a8198,0x00000000ffe80000)
  to   space 16896K, 0% used [0x00000000fde00000,0x00000000fde00000,0x00000000fee80000)
 ParOldGen       total 102400K, used 53205K [0x00000000c0000000, 0x00000000c6400000, 0x00000000eab00000)
  object space 102400K, 51% used [0x00000000c0000000,0x00000000c33f5520,0x00000000c6400000)
 Metaspace       used 58729K, capacity 63718K, committed 64128K, reserved 1103872K
  class space    used 7950K, capacity 9539K, committed 9856K, reserved 1048576K
}
Event: 7938.076 GC heap before
{Heap before GC invocations=30 (full 7):
 PSYoungGen      total 330752K, used 209295K [0x00000000eab00000, 0x0000000100000000, 0x0000000100000000)
  eden space 314368K, 63% used [0x00000000eab00000,0x00000000f6d3bdb8,0x00000000fde00000)
  from space 16384K, 63% used [0x00000000fee80000,0x00000000ff8a8198,0x00000000ffe80000)
  to   space 16896K, 0% used [0x00000000fde00000,0x00000000fde00000,0x00000000fee80000)
 ParOldGen       total 102400K, used 53205K [0x00000000c0000000, 0x00000000c6400000, 0x00000000eab00000)
  object space 102400K, 51% used [0x00000000c0000000,0x00000000c33f5520,0x00000000c6400000)
 Metaspace       used 60081K, capacity 66092K, committed 66176K, reserved 1105920K
  class space    used 8146K, capacity 10033K, committed 10112K, reserved 1048576K
Event: 7938.165 GC heap after
Heap after GC invocations=30 (full 7):
 PSYoungGen      total 331264K, used 7734K [0x00000000eab00000, 0x00000000fff00000, 0x0000000100000000)
  eden space 314368K, 0% used [0x00000000eab00000,0x00000000eab00000,0x00000000fde00000)
  from space 16896K, 45% used [0x00000000fde00000,0x00000000fe58d980,0x00000000fee80000)
  to   space 16384K, 0% used [0x00000000fef00000,0x00000000fef00000,0x00000000fff00000)
 ParOldGen       total 102400K, used 53213K [0x00000000c0000000, 0x00000000c6400000, 0x00000000eab00000)
  object space 102400K, 51% used [0x00000000c0000000,0x00000000c33f7520,0x00000000c6400000)
 Metaspace       used 60081K, capacity 66092K, committed 66176K, reserved 1105920K
  class space    used 8146K, capacity 10033K, committed 10112K, reserved 1048576K
}
Event: 7938.165 GC heap before
{Heap before GC invocations=31 (full 8):
 PSYoungGen      total 331264K, used 7734K [0x00000000eab00000, 0x00000000fff00000, 0x0000000100000000)
  eden space 314368K, 0% used [0x00000000eab00000,0x00000000eab00000,0x00000000fde00000)
  from space 16896K, 45% used [0x00000000fde00000,0x00000000fe58d980,0x00000000fee80000)
  to   space 16384K, 0% used [0x00000000fef00000,0x00000000fef00000,0x00000000fff00000)
 ParOldGen       total 102400K, used 53213K [0x00000000c0000000, 0x00000000c6400000, 0x00000000eab00000)
  object space 102400K, 51% used [0x00000000c0000000,0x00000000c33f7520,0x00000000c6400000)
 Metaspace       used 60081K, capacity 66092K, committed 66176K, reserved 1105920K
  class space    used 8146K, capacity 10033K, committed 10112K, reserved 1048576K
Event: 7939.220 GC heap after
Heap after GC invocations=31 (full 8):
 PSYoungGen      total 331264K, used 0K [0x00000000eab00000, 0x00000000fff00000, 0x0000000100000000)
  eden space 314368K, 0% used [0x00000000eab00000,0x00000000eab00000,0x00000000fde00000)
  from space 16896K, 0% used [0x00000000fde00000,0x00000000fde00000,0x00000000fee80000)
  to   space 16384K, 0% used [0x00000000fef00000,0x00000000fef00000,0x00000000fff00000)
 ParOldGen       total 102400K, used 34297K [0x00000000c0000000, 0x00000000c6400000, 0x00000000eab00000)
  object space 102400K, 33% used [0x00000000c0000000,0x00000000c217e748,0x00000000c6400000)
 Metaspace       used 56290K, capacity 58870K, committed 66176K, reserved 1105920K
  class space    used 7161K, capacity 8072K, committed 10112K, reserved 1048576K
}
Event: 7973.894 GC heap before
{Heap before GC invocations=32 (full 8):
 PSYoungGen      total 331264K, used 314368K [0x00000000eab00000, 0x00000000fff00000, 0x0000000100000000)
  eden space 314368K, 100% used [0x00000000eab00000,0x00000000fde00000,0x00000000fde00000)
  from space 16896K, 0% used [0x00000000fde00000,0x00000000fde00000,0x00000000fee80000)
  to   space 16384K, 0% used [0x00000000fef00000,0x00000000fef00000,0x00000000fff00000)
 ParOldGen       total 102400K, used 34297K [0x00000000c0000000, 0x00000000c6400000, 0x00000000eab00000)
  object space 102400K, 33% used [0x00000000c0000000,0x00000000c217e748,0x00000000c6400000)
 Metaspace       used 57313K, capacity 60580K, committed 66176K, reserved 1105920K
  class space    used 7466K, capacity 8680K, committed 10112K, reserved 1048576K
Event: 7974.011 GC heap after
Heap after GC invocations=32 (full 8):
 PSYoungGen      total 323584K, used 16357K [0x00000000eab00000, 0x0000000100000000, 0x0000000100000000)
  eden space 307200K, 0% used [0x00000000eab00000,0x00000000eab00000,0x00000000fd700000)
  from space 16384K, 99% used [0x00000000fef00000,0x00000000ffef97b0,0x00000000fff00000)
  to   space 20992K, 0% used [0x00000000fd700000,0x00000000fd700000,0x00000000feb80000)
 ParOldGen       total 102400K, used 39015K [0x00000000c0000000, 0x00000000c6400000, 0x00000000eab00000)
  object space 102400K, 38% used [0x00000000c0000000,0x00000000c2619e40,0x00000000c6400000)
 Metaspace       used 57313K, capacity 60580K, committed 66176K, reserved 1105920K
  class space    used 7466K, capacity 8680K, committed 10112K, reserved 1048576K
}

